[debug] [2019-07-01T13:22:15.661Z] ----------------------------------------------------------------------
[debug] [2019-07-01T13:22:15.664Z] Command:       C:\Program Files\nodejs\node.exe C:\Users\krishna somu\AppData\Roaming\npm\node_modules\firebase-tools\lib\bin\firebase.js serve
[debug] [2019-07-01T13:22:15.665Z] CLI Version:   6.11.0
[debug] [2019-07-01T13:22:15.665Z] Platform:      win32
[debug] [2019-07-01T13:22:15.665Z] Node Version:  v8.11.4
[debug] [2019-07-01T13:22:15.666Z] Time:          Mon Jul 01 2019 18:52:15 GMT+0530 (India Standard Time)
[debug] [2019-07-01T13:22:15.666Z] ----------------------------------------------------------------------
[debug] 
[debug] [2019-07-01T13:22:15.677Z] > command requires scopes: ["email","openid","https://www.googleapis.com/auth/cloudplatformprojects.readonly","https://www.googleapis.com/auth/firebase","https://www.googleapis.com/auth/cloud-platform"]
[debug] [2019-07-01T13:22:15.678Z] > authorizing via signed-in user
[debug] [2019-07-01T13:22:15.678Z] [iam] checking project somu-website for permissions ["firebase.projects.get"]
[debug] [2019-07-01T13:22:15.680Z] > refreshing access token with scopes: ["email","https://www.googleapis.com/auth/cloud-platform","https://www.googleapis.com/auth/cloudplatformprojects.readonly","https://www.googleapis.com/auth/firebase","openid"]
[debug] [2019-07-01T13:22:15.680Z] >>> HTTP REQUEST POST https://www.googleapis.com/oauth2/v3/token  
 <request body omitted>
[debug] [2019-07-01T13:22:17.307Z] <<< HTTP RESPONSE 200
[debug] [2019-07-01T13:22:17.379Z] >>> HTTP REQUEST POST https://cloudresourcemanager.googleapis.com/v1/projects/somu-website:testIamPermissions  

[debug] [2019-07-01T13:22:18.788Z] <<< HTTP RESPONSE 200
[debug] [2019-07-01T13:22:18.792Z] >>> HTTP REQUEST GET https://cloudresourcemanager.googleapis.com/v1/projects/somu-website  
 
[debug] [2019-07-01T13:22:19.743Z] <<< HTTP RESPONSE 200
[info] 
[info] === Serving from 'C:\Users\krishna somu\Documents\GitHub\MyWebsite'...
[info] 
[warn] !  Your functions directory does not specify a Node version.
   - Learn more at https://firebase.google.com/docs/functions/manage-functions#set_runtime_options
[debug] [2019-07-01T13:22:19.752Z] >>> HTTP REQUEST GET https://mobilesdk-pa.googleapis.com/v1/projects/176778291160/clients/_:getWebAppConfig  
 
[debug] [2019-07-01T13:22:19.752Z] >>> HTTP REQUEST GET https://mobilesdk-pa.googleapis.com/v1/projects/176778291160:getServerAppConfig  
 
[debug] [2019-07-01T13:22:21.425Z] <<< HTTP RESPONSE 200
[info] +  functions: Emulator started at http://localhost:5001
[debug] [2019-07-01T13:22:21.492Z] <<< HTTP RESPONSE 200
[info] i  functions: Watching "C:\Users\krishna somu\Documents\GitHub\MyWebsite\functions" for Cloud Functions...
[info] i  hosting: Serving hosting files from: public
[info] +  hosting: Local server: http://localhost:5000
[debug] [2019-07-01T13:22:22.311Z] Functions runtime initialized.
[debug] [2019-07-01T13:22:22.312Z] Disabled runtime features: {"functions_config_helper":true,"network_filtering":true,"timeout":true,"memory_limiting":true,"protect_env":true,"admin_stubs":true}
[debug] [2019-07-01T13:22:24.759Z] firebase-admin has been stubbed.
[info] i  Your code has been provided a "firebase-admin" instance.
[info] i  functions: HTTP trigger initialized at http://localhost:5001/somu-website/us-central1/sendMsgToBot
[info] i  functions: HTTP trigger initialized at http://localhost:5001/somu-website/us-central1/myapp
[info] [hosting] Rewriting /test to http://localhost:5001/somu-website/us-central1/myapp for local Function myapp
[debug] [2019-07-01T13:22:26.333Z] Accepted request GET /somu-website/us-central1/myapp/test --> myapp
[debug] [2019-07-01T13:22:27.166Z] Functions runtime initialized.
[info] i  functions: Beginning execution of "myapp"
[debug] [2019-07-01T13:22:27.167Z] Disabled runtime features: {"functions_config_helper":true,"network_filtering":true,"timeout":true,"memory_limiting":true,"protect_env":true,"admin_stubs":true}
[debug] [2019-07-01T13:22:29.345Z] firebase-admin has been stubbed.
[info] i  Your code has been provided a "firebase-admin" instance.
[debug] [2019-07-01T13:22:29.658Z] Trigger "myapp" has been found, beginning invocation!
[debug] [2019-07-01T13:22:29.658Z] 
[debug] [2019-07-01T13:22:29.658Z] Running myapp in mode HTTPS
[debug] [2019-07-01T13:22:29.672Z] {"socketPath":"\\\\?\\pipe\\C:\\Users\\krishna somu\\Documents\\GitHub\\MyWebsite\\functions\\11096"}
[debug] [2019-07-01T13:22:29.676Z] [functions] Runtime ready! Sending request! {"socketPath":"\\\\?\\pipe\\C:\\Users\\krishna somu\\Documents\\GitHub\\MyWebsite\\functions\\11096"}
[debug] [2019-07-01T13:22:29.685Z] Ephemeral server used!
[debug] [2019-07-01T13:22:29.702Z] Ephemeral server survived.
[info] i  functions: Finished "myapp" in ~1s
[debug] [2019-07-01T13:30:44.365Z] File C:\Users\krishna somu\Documents\GitHub\MyWebsite\functions\index.js changed, reloading triggers
[debug] [2019-07-01T13:30:46.485Z] Functions runtime initialized.
[debug] [2019-07-01T13:30:46.487Z] Disabled runtime features: {"functions_config_helper":true,"network_filtering":true,"timeout":true,"memory_limiting":true,"protect_env":true,"admin_stubs":true}
[debug] [2019-07-01T13:30:49.010Z] firebase-admin has been stubbed.
[info] i  Your code has been provided a "firebase-admin" instance.
[info] [hosting] Rewriting /test to http://localhost:5001/somu-website/us-central1/myapp for local Function myapp
[debug] [2019-07-01T13:30:53.940Z] Accepted request GET /somu-website/us-central1/myapp/test --> myapp
[debug] [2019-07-01T13:30:54.822Z] Functions runtime initialized.
[info] i  functions: Beginning execution of "myapp"
[debug] [2019-07-01T13:30:54.824Z] Disabled runtime features: {"functions_config_helper":true,"network_filtering":true,"timeout":true,"memory_limiting":true,"protect_env":true,"admin_stubs":true}
[debug] [2019-07-01T13:30:57.274Z] firebase-admin has been stubbed.
[info] i  Your code has been provided a "firebase-admin" instance.
[debug] [2019-07-01T13:30:57.625Z] Trigger "myapp" has been found, beginning invocation!
[debug] [2019-07-01T13:30:57.626Z] 
[debug] [2019-07-01T13:30:57.626Z] Running myapp in mode HTTPS
[debug] [2019-07-01T13:30:57.638Z] {"socketPath":"\\\\?\\pipe\\C:\\Users\\krishna somu\\Documents\\GitHub\\MyWebsite\\functions\\9268"}
[debug] [2019-07-01T13:30:57.639Z] [functions] Runtime ready! Sending request! {"socketPath":"\\\\?\\pipe\\C:\\Users\\krishna somu\\Documents\\GitHub\\MyWebsite\\functions\\9268"}
[debug] [2019-07-01T13:30:57.647Z] Ephemeral server used!
[debug] [2019-07-01T13:30:57.659Z] Ephemeral server survived.
[info] i  functions: Finished "myapp" in ~1s
[debug] [2019-07-01T13:31:06.676Z] File C:\Users\krishna somu\Documents\GitHub\MyWebsite\functions\index.js changed, reloading triggers
[info] [hosting] Rewriting /test to http://localhost:5001/somu-website/us-central1/myapp for local Function myapp
[debug] [2019-07-01T13:31:07.786Z] Accepted request GET /somu-website/us-central1/myapp/test --> myapp
[debug] [2019-07-01T13:31:08.852Z] Functions runtime initialized.
[debug] [2019-07-01T13:31:08.854Z] Disabled runtime features: {"functions_config_helper":true,"network_filtering":true,"timeout":true,"memory_limiting":true,"protect_env":true,"admin_stubs":true}
[debug] [2019-07-01T13:31:08.930Z] Functions runtime initialized.
[info] i  functions: Beginning execution of "myapp"
[debug] [2019-07-01T13:31:08.937Z] Disabled runtime features: {"functions_config_helper":true,"network_filtering":true,"timeout":true,"memory_limiting":true,"protect_env":true,"admin_stubs":true}
[debug] [2019-07-01T13:31:12.054Z] firebase-admin has been stubbed.
[debug] [2019-07-01T13:31:12.111Z] firebase-admin has been stubbed.
[info] i  Your code has been provided a "firebase-admin" instance.
[info] i  Your code has been provided a "firebase-admin" instance.
[debug] [2019-07-01T13:31:12.549Z] Trigger "myapp" has been found, beginning invocation!
[debug] [2019-07-01T13:31:12.549Z] 
[debug] [2019-07-01T13:31:12.549Z] Running myapp in mode HTTPS
[debug] [2019-07-01T13:31:12.558Z] {"socketPath":"\\\\?\\pipe\\C:\\Users\\krishna somu\\Documents\\GitHub\\MyWebsite\\functions\\7156"}
[debug] [2019-07-01T13:31:12.559Z] [functions] Runtime ready! Sending request! {"socketPath":"\\\\?\\pipe\\C:\\Users\\krishna somu\\Documents\\GitHub\\MyWebsite\\functions\\7156"}
[debug] [2019-07-01T13:31:12.569Z] Ephemeral server used!
[debug] [2019-07-01T13:31:12.580Z] Ephemeral server survived.
[info] i  functions: Finished "myapp" in ~1s
[debug] [2019-07-01T13:35:44.526Z] File C:\Users\krishna somu\Documents\GitHub\MyWebsite\functions\index.js changed, reloading triggers
[debug] [2019-07-01T13:35:44.589Z] File C:\Users\krishna somu\Documents\GitHub\MyWebsite\functions\index.js changed, reloading triggers
[debug] [2019-07-01T13:35:46.857Z] Functions runtime initialized.
[debug] [2019-07-01T13:35:46.858Z] Disabled runtime features: {"functions_config_helper":true,"network_filtering":true,"timeout":true,"memory_limiting":true,"protect_env":true,"admin_stubs":true}
[debug] [2019-07-01T13:35:49.006Z] firebase-admin has been stubbed.
[info] i  Your code has been provided a "firebase-admin" instance.
[debug] [2019-07-01T13:35:55.103Z] File C:\Users\krishna somu\Documents\GitHub\MyWebsite\functions\index.js changed, reloading triggers
[debug] [2019-07-01T13:35:57.230Z] Functions runtime initialized.
[debug] [2019-07-01T13:35:57.231Z] Disabled runtime features: {"functions_config_helper":true,"network_filtering":true,"timeout":true,"memory_limiting":true,"protect_env":true,"admin_stubs":true}
[debug] [2019-07-01T13:35:59.380Z] firebase-admin has been stubbed.
[info] i  Your code has been provided a "firebase-admin" instance.
[debug] [2019-07-01T13:37:10.980Z] File C:\Users\krishna somu\Documents\GitHub\MyWebsite\functions\index.js changed, reloading triggers
[debug] [2019-07-01T13:37:12.765Z] Functions runtime initialized.
[debug] [2019-07-01T13:37:12.766Z] Disabled runtime features: {"functions_config_helper":true,"network_filtering":true,"timeout":true,"memory_limiting":true,"protect_env":true,"admin_stubs":true}
[debug] [2019-07-01T13:37:15.119Z] firebase-admin has been stubbed.
[info] i  Your code has been provided a "firebase-admin" instance.
[info] i  functions: HTTP trigger initialized at http://localhost:5001/somu-website/us-central1/funTest
[debug] [2019-07-01T13:41:04.858Z] File C:\Users\krishna somu\Documents\GitHub\MyWebsite\functions\index.js changed, reloading triggers
[debug] [2019-07-01T13:41:07.296Z] Functions runtime initialized.
[debug] [2019-07-01T13:41:07.296Z] Disabled runtime features: {"functions_config_helper":true,"network_filtering":true,"timeout":true,"memory_limiting":true,"protect_env":true,"admin_stubs":true}
[debug] [2019-07-01T13:41:09.530Z] firebase-admin has been stubbed.
[info] i  Your code has been provided a "firebase-admin" instance.
[info] [hosting] Rewriting /test to http://localhost:5001/somu-website/us-central1/myapp for local Function myapp
[debug] [2019-07-01T13:41:13.173Z] Accepted request GET /somu-website/us-central1/myapp/test --> myapp
[debug] [2019-07-01T13:41:14.056Z] Functions runtime initialized.
[info] i  functions: Beginning execution of "myapp"
[debug] [2019-07-01T13:41:14.058Z] Disabled runtime features: {"functions_config_helper":true,"network_filtering":true,"timeout":true,"memory_limiting":true,"protect_env":true,"admin_stubs":true}
[debug] [2019-07-01T13:41:16.366Z] firebase-admin has been stubbed.
[info] i  Your code has been provided a "firebase-admin" instance.
[debug] [2019-07-01T13:41:16.648Z] Trigger "myapp" has been found, beginning invocation!
[debug] [2019-07-01T13:41:16.648Z] 
[debug] [2019-07-01T13:41:16.648Z] Running myapp in mode HTTPS
[debug] [2019-07-01T13:41:16.656Z] {"socketPath":"\\\\?\\pipe\\C:\\Users\\krishna somu\\Documents\\GitHub\\MyWebsite\\functions\\17780"}
[debug] [2019-07-01T13:41:16.658Z] [functions] Runtime ready! Sending request! {"socketPath":"\\\\?\\pipe\\C:\\Users\\krishna somu\\Documents\\GitHub\\MyWebsite\\functions\\17780"}
[debug] [2019-07-01T13:41:16.666Z] Ephemeral server used!
[debug] [2019-07-01T13:41:16.676Z] Ephemeral server survived.
[info] i  functions: Finished "myapp" in ~1s
[debug] [2019-07-01T13:41:45.732Z] File C:\Users\krishna somu\Documents\GitHub\MyWebsite\functions\index.js changed, reloading triggers
[info] [hosting] Rewriting /test to http://localhost:5001/somu-website/us-central1/myapp for local Function myapp
[debug] [2019-07-01T13:41:47.383Z] Accepted request GET /somu-website/us-central1/myapp/test --> myapp
[debug] [2019-07-01T13:41:47.692Z] Functions runtime initialized.
[debug] [2019-07-01T13:41:47.693Z] Disabled runtime features: {"functions_config_helper":true,"network_filtering":true,"timeout":true,"memory_limiting":true,"protect_env":true,"admin_stubs":true}
[debug] [2019-07-01T13:41:48.375Z] Functions runtime initialized.
[info] i  functions: Beginning execution of "myapp"
[debug] [2019-07-01T13:41:48.377Z] Disabled runtime features: {"functions_config_helper":true,"network_filtering":true,"timeout":true,"memory_limiting":true,"protect_env":true,"admin_stubs":true}
[debug] [2019-07-01T13:41:50.440Z] firebase-admin has been stubbed.
[info] i  Your code has been provided a "firebase-admin" instance.
[debug] [2019-07-01T13:41:51.023Z] firebase-admin has been stubbed.
[info] i  Your code has been provided a "firebase-admin" instance.
[debug] [2019-07-01T13:41:51.317Z] Trigger "myapp" has been found, beginning invocation!
[debug] [2019-07-01T13:41:51.317Z] 
[debug] [2019-07-01T13:41:51.318Z] Running myapp in mode HTTPS
[debug] [2019-07-01T13:41:51.326Z] {"socketPath":"\\\\?\\pipe\\C:\\Users\\krishna somu\\Documents\\GitHub\\MyWebsite\\functions\\8620"}
[debug] [2019-07-01T13:41:51.327Z] [functions] Runtime ready! Sending request! {"socketPath":"\\\\?\\pipe\\C:\\Users\\krishna somu\\Documents\\GitHub\\MyWebsite\\functions\\8620"}
[debug] [2019-07-01T13:41:51.335Z] Ephemeral server used!
[debug] [2019-07-01T13:41:51.344Z] Ephemeral server survived.
[info] i  functions: Finished "myapp" in ~1s
[debug] [2019-07-01T13:43:10.898Z] File C:\Users\krishna somu\Documents\GitHub\MyWebsite\functions\index.js changed, reloading triggers
[debug] [2019-07-01T13:43:12.736Z] Functions runtime initialized.
[debug] [2019-07-01T13:43:12.737Z] Disabled runtime features: {"functions_config_helper":true,"network_filtering":true,"timeout":true,"memory_limiting":true,"protect_env":true,"admin_stubs":true}
[info] [hosting] Rewriting /test to http://localhost:5001/somu-website/us-central1/myapp for local Function myapp
[debug] [2019-07-01T13:43:12.896Z] Accepted request GET /somu-website/us-central1/myapp/test --> myapp
[debug] [2019-07-01T13:43:13.889Z] Functions runtime initialized.
[info] i  functions: Beginning execution of "myapp"
[debug] [2019-07-01T13:43:13.891Z] Disabled runtime features: {"functions_config_helper":true,"network_filtering":true,"timeout":true,"memory_limiting":true,"protect_env":true,"admin_stubs":true}
[debug] [2019-07-01T13:43:15.530Z] firebase-admin has been stubbed.
[info] i  Your code has been provided a "firebase-admin" instance.
[debug] [2019-07-01T13:43:16.720Z] firebase-admin has been stubbed.
[info] i  Your code has been provided a "firebase-admin" instance.
[debug] [2019-07-01T13:43:17.011Z] Trigger "myapp" has been found, beginning invocation!
[debug] [2019-07-01T13:43:17.011Z] 
[debug] [2019-07-01T13:43:17.011Z] Running myapp in mode HTTPS
[debug] [2019-07-01T13:43:17.020Z] {"socketPath":"\\\\?\\pipe\\C:\\Users\\krishna somu\\Documents\\GitHub\\MyWebsite\\functions\\6832"}
[debug] [2019-07-01T13:43:17.021Z] [functions] Runtime ready! Sending request! {"socketPath":"\\\\?\\pipe\\C:\\Users\\krishna somu\\Documents\\GitHub\\MyWebsite\\functions\\6832"}
[debug] [2019-07-01T13:43:17.028Z] Ephemeral server used!
[debug] [2019-07-01T13:43:17.039Z] Ephemeral server survived.
[info] i  functions: Finished "myapp" in ~1s
[debug] [2019-07-01T13:43:53.671Z] File C:\Users\krishna somu\Documents\GitHub\MyWebsite\functions\index.js changed, reloading triggers
[debug] [2019-07-01T13:43:55.461Z] Functions runtime initialized.
[debug] [2019-07-01T13:43:55.462Z] Disabled runtime features: {"functions_config_helper":true,"network_filtering":true,"timeout":true,"memory_limiting":true,"protect_env":true,"admin_stubs":true}
[info] [hosting] Rewriting /test to http://localhost:5001/somu-website/us-central1/myapp for local Function myapp
[debug] [2019-07-01T13:43:55.739Z] Accepted request GET /somu-website/us-central1/myapp/test --> myapp
[debug] [2019-07-01T13:43:56.813Z] Functions runtime initialized.
[info] i  functions: Beginning execution of "myapp"
[debug] [2019-07-01T13:43:56.816Z] Disabled runtime features: {"functions_config_helper":true,"network_filtering":true,"timeout":true,"memory_limiting":true,"protect_env":true,"admin_stubs":true}
[debug] [2019-07-01T13:43:58.189Z] firebase-admin has been stubbed.
[info] i  Your code has been provided a "firebase-admin" instance.
[debug] [2019-07-01T13:43:59.449Z] firebase-admin has been stubbed.
[info] i  Your code has been provided a "firebase-admin" instance.
[debug] [2019-07-01T13:43:59.732Z] Trigger "myapp" has been found, beginning invocation!
[debug] [2019-07-01T13:43:59.732Z] 
[debug] [2019-07-01T13:43:59.732Z] Running myapp in mode HTTPS
[debug] [2019-07-01T13:43:59.742Z] {"socketPath":"\\\\?\\pipe\\C:\\Users\\krishna somu\\Documents\\GitHub\\MyWebsite\\functions\\740"}
[debug] [2019-07-01T13:43:59.743Z] [functions] Runtime ready! Sending request! {"socketPath":"\\\\?\\pipe\\C:\\Users\\krishna somu\\Documents\\GitHub\\MyWebsite\\functions\\740"}
[debug] [2019-07-01T13:43:59.750Z] Ephemeral server used!
[debug] [2019-07-01T13:43:59.761Z] Ephemeral server survived.
[info] i  functions: Finished "myapp" in ~1s
[debug] [2019-07-01T13:47:10.290Z] File C:\Users\krishna somu\Documents\GitHub\MyWebsite\functions\index.js changed, reloading triggers
[info] [hosting] Rewriting /test to http://localhost:5001/somu-website/us-central1/myapp for local Function myapp
[debug] [2019-07-01T13:47:12.622Z] Accepted request GET /somu-website/us-central1/myapp/test --> myapp
[debug] [2019-07-01T13:47:13.454Z] Functions runtime initialized.
[debug] [2019-07-01T13:47:13.455Z] Disabled runtime features: {"functions_config_helper":true,"network_filtering":true,"timeout":true,"memory_limiting":true,"protect_env":true,"admin_stubs":true}
[debug] [2019-07-01T13:47:13.603Z] Functions runtime initialized.
[info] i  functions: Beginning execution of "myapp"
[debug] [2019-07-01T13:47:13.608Z] Disabled runtime features: {"functions_config_helper":true,"network_filtering":true,"timeout":true,"memory_limiting":true,"protect_env":true,"admin_stubs":true}
[debug] [2019-07-01T13:47:16.263Z] firebase-admin has been stubbed.
[debug] [2019-07-01T13:47:16.398Z] firebase-admin has been stubbed.
[info] i  Your code has been provided a "firebase-admin" instance.
[info] i  Your code has been provided a "firebase-admin" instance.
[debug] [2019-07-01T13:47:16.751Z] Trigger "myapp" has been found, beginning invocation!
[debug] [2019-07-01T13:47:16.751Z] 
[debug] [2019-07-01T13:47:16.751Z] Running myapp in mode HTTPS
[debug] [2019-07-01T13:47:16.759Z] {"socketPath":"\\\\?\\pipe\\C:\\Users\\krishna somu\\Documents\\GitHub\\MyWebsite\\functions\\8604"}
[debug] [2019-07-01T13:47:16.761Z] [functions] Runtime ready! Sending request! {"socketPath":"\\\\?\\pipe\\C:\\Users\\krishna somu\\Documents\\GitHub\\MyWebsite\\functions\\8604"}
[debug] [2019-07-01T13:47:16.768Z] Ephemeral server used!
[debug] [2019-07-01T13:47:16.777Z] Ephemeral server survived.
[info] i  functions: Finished "myapp" in ~1s
[debug] [2019-07-01T13:47:31.807Z] File C:\Users\krishna somu\Documents\GitHub\MyWebsite\functions\index.js changed, reloading triggers
[debug] [2019-07-01T13:47:31.862Z] File C:\Users\krishna somu\Documents\GitHub\MyWebsite\functions\index.js changed, reloading triggers
[debug] [2019-07-01T13:47:33.785Z] Functions runtime initialized.
[debug] [2019-07-01T13:47:33.786Z] Disabled runtime features: {"functions_config_helper":true,"network_filtering":true,"timeout":true,"memory_limiting":true,"protect_env":true,"admin_stubs":true}
[debug] [2019-07-01T13:47:35.982Z] firebase-admin has been stubbed.
[info] i  Your code has been provided a "firebase-admin" instance.
[debug] [2019-07-01T13:51:01.092Z] File C:\Users\krishna somu\Documents\GitHub\MyWebsite\functions\index.js changed, reloading triggers
[debug] [2019-07-01T13:51:01.178Z] File C:\Users\krishna somu\Documents\GitHub\MyWebsite\functions\index.js changed, reloading triggers
[debug] [2019-07-01T13:51:02.945Z] Functions runtime initialized.
[debug] [2019-07-01T13:51:02.946Z] Disabled runtime features: {"functions_config_helper":true,"network_filtering":true,"timeout":true,"memory_limiting":true,"protect_env":true,"admin_stubs":true}
[debug] [2019-07-01T13:51:05.119Z] firebase-admin has been stubbed.
[info] i  Your code has been provided a "firebase-admin" instance.
[info] [hosting] Rewriting /test to http://localhost:5001/somu-website/us-central1/myapp for local Function myapp
[debug] [2019-07-01T13:51:23.153Z] Accepted request GET /somu-website/us-central1/myapp/test --> myapp
[debug] [2019-07-01T13:51:23.986Z] Functions runtime initialized.
[info] i  functions: Beginning execution of "myapp"
[debug] [2019-07-01T13:51:23.989Z] Disabled runtime features: {"functions_config_helper":true,"network_filtering":true,"timeout":true,"memory_limiting":true,"protect_env":true,"admin_stubs":true}
[debug] [2019-07-01T13:51:26.229Z] firebase-admin has been stubbed.
[info] i  Your code has been provided a "firebase-admin" instance.
[debug] [2019-07-01T13:51:26.510Z] Trigger "myapp" has been found, beginning invocation!
[debug] [2019-07-01T13:51:26.510Z] 
[debug] [2019-07-01T13:51:26.510Z] Running myapp in mode HTTPS
[debug] [2019-07-01T13:51:26.525Z] {"socketPath":"\\\\?\\pipe\\C:\\Users\\krishna somu\\Documents\\GitHub\\MyWebsite\\functions\\15860"}
[debug] [2019-07-01T13:51:26.526Z] [functions] Runtime ready! Sending request! {"socketPath":"\\\\?\\pipe\\C:\\Users\\krishna somu\\Documents\\GitHub\\MyWebsite\\functions\\15860"}
[debug] [2019-07-01T13:51:26.540Z] Ephemeral server used!
[debug] [2019-07-01T13:51:26.549Z] Ephemeral server survived.
[info] i  functions: Finished "myapp" in ~1s
[debug] [2019-07-01T13:52:02.470Z] File C:\Users\krishna somu\Documents\GitHub\MyWebsite\functions\index.js changed, reloading triggers
[debug] [2019-07-01T13:52:04.260Z] Functions runtime initialized.
[debug] [2019-07-01T13:52:04.261Z] Disabled runtime features: {"functions_config_helper":true,"network_filtering":true,"timeout":true,"memory_limiting":true,"protect_env":true,"admin_stubs":true}
[info] [hosting] Rewriting /test to http://localhost:5001/somu-website/us-central1/myapp for local Function myapp
[debug] [2019-07-01T13:52:05.683Z] Accepted request GET /somu-website/us-central1/myapp/test --> myapp
[debug] [2019-07-01T13:52:06.658Z] firebase-admin has been stubbed.
[debug] [2019-07-01T13:52:06.669Z] Functions runtime initialized.
[info] i  functions: Beginning execution of "myapp"
[debug] [2019-07-01T13:52:06.671Z] Disabled runtime features: {"functions_config_helper":true,"network_filtering":true,"timeout":true,"memory_limiting":true,"protect_env":true,"admin_stubs":true}
[info] i  Your code has been provided a "firebase-admin" instance.
[debug] [2019-07-01T13:52:09.045Z] firebase-admin has been stubbed.
[info] i  Your code has been provided a "firebase-admin" instance.
[debug] [2019-07-01T13:52:09.350Z] Trigger "myapp" has been found, beginning invocation!
[debug] [2019-07-01T13:52:09.350Z] 
[debug] [2019-07-01T13:52:09.350Z] Running myapp in mode HTTPS
[debug] [2019-07-01T13:52:09.361Z] {"socketPath":"\\\\?\\pipe\\C:\\Users\\krishna somu\\Documents\\GitHub\\MyWebsite\\functions\\17868"}
[debug] [2019-07-01T13:52:09.362Z] [functions] Runtime ready! Sending request! {"socketPath":"\\\\?\\pipe\\C:\\Users\\krishna somu\\Documents\\GitHub\\MyWebsite\\functions\\17868"}
[debug] [2019-07-01T13:52:09.370Z] Ephemeral server used!
[debug] [2019-07-01T13:52:09.382Z] Ephemeral server survived.
[info] i  functions: Finished "myapp" in ~1s
[debug] [2019-07-01T13:54:57.709Z] File C:\Users\krishna somu\Documents\GitHub\MyWebsite\functions\index.js changed, reloading triggers
[info] [hosting] Rewriting /test to http://localhost:5001/somu-website/us-central1/myapp for local Function myapp
[debug] [2019-07-01T13:54:59.171Z] Accepted request GET /somu-website/us-central1/myapp/test --> myapp
[debug] [2019-07-01T13:54:59.647Z] Functions runtime initialized.
[debug] [2019-07-01T13:54:59.648Z] Disabled runtime features: {"functions_config_helper":true,"network_filtering":true,"timeout":true,"memory_limiting":true,"protect_env":true,"admin_stubs":true}
[debug] [2019-07-01T13:55:00.111Z] Functions runtime initialized.
[info] i  functions: Beginning execution of "myapp"
[debug] [2019-07-01T13:55:00.113Z] Disabled runtime features: {"functions_config_helper":true,"network_filtering":true,"timeout":true,"memory_limiting":true,"protect_env":true,"admin_stubs":true}
[debug] [2019-07-01T13:55:02.393Z] firebase-admin has been stubbed.
[info] i  Your code has been provided a "firebase-admin" instance.
[debug] [2019-07-01T13:55:02.864Z] firebase-admin has been stubbed.
[info] i  Your code has been provided a "firebase-admin" instance.
[debug] [2019-07-01T13:55:03.163Z] Trigger "myapp" has been found, beginning invocation!
[debug] [2019-07-01T13:55:03.164Z] 
[debug] [2019-07-01T13:55:03.164Z] Running myapp in mode HTTPS
[debug] [2019-07-01T13:55:03.175Z] {"socketPath":"\\\\?\\pipe\\C:\\Users\\krishna somu\\Documents\\GitHub\\MyWebsite\\functions\\6964"}
[debug] [2019-07-01T13:55:03.177Z] [functions] Runtime ready! Sending request! {"socketPath":"\\\\?\\pipe\\C:\\Users\\krishna somu\\Documents\\GitHub\\MyWebsite\\functions\\6964"}
[debug] [2019-07-01T13:55:03.184Z] Ephemeral server used!
[debug] [2019-07-01T13:55:03.194Z] Ephemeral server survived.
[info] i  functions: Finished "myapp" in ~1s
[debug] [2019-07-01T13:58:38.736Z] File C:\Users\krishna somu\Documents\GitHub\MyWebsite\functions\index.js changed, reloading triggers
[debug] [2019-07-01T13:58:38.818Z] File C:\Users\krishna somu\Documents\GitHub\MyWebsite\functions\index.js changed, reloading triggers
[debug] [2019-07-01T13:58:41.055Z] Functions runtime initialized.
[debug] [2019-07-01T13:58:41.056Z] Disabled runtime features: {"functions_config_helper":true,"network_filtering":true,"timeout":true,"memory_limiting":true,"protect_env":true,"admin_stubs":true}
[debug] [2019-07-01T13:58:43.238Z] firebase-admin has been stubbed.
[info] i  Your code has been provided a "firebase-admin" instance.
[debug] [2019-07-01T13:58:48.169Z] File C:\Users\krishna somu\Documents\GitHub\MyWebsite\functions\index.js changed, reloading triggers
[debug] [2019-07-01T13:58:50.403Z] Functions runtime initialized.
[debug] [2019-07-01T13:58:50.404Z] Disabled runtime features: {"functions_config_helper":true,"network_filtering":true,"timeout":true,"memory_limiting":true,"protect_env":true,"admin_stubs":true}
[debug] [2019-07-01T13:58:52.782Z] firebase-admin has been stubbed.
[info] i  Your code has been provided a "firebase-admin" instance.
[debug] [2019-07-01T14:00:36.639Z] File C:\Users\krishna somu\Documents\GitHub\MyWebsite\functions\index.js changed, reloading triggers
[debug] [2019-07-01T14:00:38.743Z] Functions runtime initialized.
[debug] [2019-07-01T14:00:38.743Z] Disabled runtime features: {"functions_config_helper":true,"network_filtering":true,"timeout":true,"memory_limiting":true,"protect_env":true,"admin_stubs":true}
[debug] [2019-07-01T14:00:41.936Z] firebase-admin has been stubbed.
[info] i  Your code has been provided a "firebase-admin" instance.
[info] [hosting] Rewriting /test to http://localhost:5001/somu-website/us-central1/myapp for local Function myapp
[debug] [2019-07-01T14:00:43.530Z] Accepted request GET /somu-website/us-central1/myapp/test --> myapp
[debug] [2019-07-01T14:00:44.337Z] Functions runtime initialized.
[info] i  functions: Beginning execution of "myapp"
[debug] [2019-07-01T14:00:44.341Z] Disabled runtime features: {"functions_config_helper":true,"network_filtering":true,"timeout":true,"memory_limiting":true,"protect_env":true,"admin_stubs":true}
[debug] [2019-07-01T14:00:46.726Z] firebase-admin has been stubbed.
[info] i  Your code has been provided a "firebase-admin" instance.
[debug] [2019-07-01T14:00:47.010Z] Trigger "myapp" has been found, beginning invocation!
[debug] [2019-07-01T14:00:47.010Z] 
[debug] [2019-07-01T14:00:47.010Z] Running myapp in mode HTTPS
[debug] [2019-07-01T14:00:47.019Z] {"socketPath":"\\\\?\\pipe\\C:\\Users\\krishna somu\\Documents\\GitHub\\MyWebsite\\functions\\10812"}
[debug] [2019-07-01T14:00:47.021Z] [functions] Runtime ready! Sending request! {"socketPath":"\\\\?\\pipe\\C:\\Users\\krishna somu\\Documents\\GitHub\\MyWebsite\\functions\\10812"}
[debug] [2019-07-01T14:00:47.029Z] Ephemeral server used!
[debug] [2019-07-01T14:00:47.039Z] Ephemeral server survived.
[info] i  functions: Finished "myapp" in ~1s
[debug] [2019-07-01T14:07:14.390Z] File C:\Users\krishna somu\Documents\GitHub\MyWebsite\functions\index.js changed, reloading triggers
[debug] [2019-07-01T14:07:17.338Z] Functions runtime initialized.
[debug] [2019-07-01T14:07:17.339Z] Disabled runtime features: {"functions_config_helper":true,"network_filtering":true,"timeout":true,"memory_limiting":true,"protect_env":true,"admin_stubs":true}
[info] [hosting] Rewriting /test to http://localhost:5001/somu-website/us-central1/myapp for local Function myapp
[debug] [2019-07-01T14:07:17.709Z] Accepted request GET /somu-website/us-central1/myapp/test --> myapp
[debug] [2019-07-01T14:07:18.636Z] Functions runtime initialized.
[info] i  functions: Beginning execution of "myapp"
[debug] [2019-07-01T14:07:18.638Z] Disabled runtime features: {"functions_config_helper":true,"network_filtering":true,"timeout":true,"memory_limiting":true,"protect_env":true,"admin_stubs":true}
[debug] [2019-07-01T14:07:19.906Z] firebase-admin has been stubbed.
[info] i  Your code has been provided a "firebase-admin" instance.
[debug] [2019-07-01T14:07:21.116Z] firebase-admin has been stubbed.
[info] i  Your code has been provided a "firebase-admin" instance.
[debug] [2019-07-01T14:07:21.401Z] Trigger "myapp" has been found, beginning invocation!
[debug] [2019-07-01T14:07:21.401Z] 
[debug] [2019-07-01T14:07:21.401Z] Running myapp in mode HTTPS
[debug] [2019-07-01T14:07:21.412Z] {"socketPath":"\\\\?\\pipe\\C:\\Users\\krishna somu\\Documents\\GitHub\\MyWebsite\\functions\\15792"}
[debug] [2019-07-01T14:07:21.413Z] [functions] Runtime ready! Sending request! {"socketPath":"\\\\?\\pipe\\C:\\Users\\krishna somu\\Documents\\GitHub\\MyWebsite\\functions\\15792"}
[debug] [2019-07-01T14:07:21.420Z] Ephemeral server used!
[debug] [2019-07-01T14:07:21.429Z] Ephemeral server survived.
[info] i  functions: Finished "myapp" in ~1s
[debug] [2019-07-01T14:09:01.132Z] File C:\Users\krishna somu\Documents\GitHub\MyWebsite\functions\index.js changed, reloading triggers
[debug] [2019-07-01T14:09:02.923Z] Functions runtime initialized.
[debug] [2019-07-01T14:09:02.924Z] Disabled runtime features: {"functions_config_helper":true,"network_filtering":true,"timeout":true,"memory_limiting":true,"protect_env":true,"admin_stubs":true}
[info] [hosting] Rewriting /test to http://localhost:5001/somu-website/us-central1/myapp for local Function myapp
[debug] [2019-07-01T14:09:04.682Z] Accepted request GET /somu-website/us-central1/myapp/test --> myapp
[debug] [2019-07-01T14:09:05.415Z] firebase-admin has been stubbed.
[info] i  Your code has been provided a "firebase-admin" instance.
[debug] [2019-07-01T14:09:05.677Z] Functions runtime initialized.
[info] i  functions: Beginning execution of "myapp"
[debug] [2019-07-01T14:09:05.679Z] Disabled runtime features: {"functions_config_helper":true,"network_filtering":true,"timeout":true,"memory_limiting":true,"protect_env":true,"admin_stubs":true}
[debug] [2019-07-01T14:09:07.944Z] firebase-admin has been stubbed.
[info] i  Your code has been provided a "firebase-admin" instance.
[debug] [2019-07-01T14:09:08.243Z] Trigger "myapp" has been found, beginning invocation!
[debug] [2019-07-01T14:09:08.243Z] 
[debug] [2019-07-01T14:09:08.243Z] Running myapp in mode HTTPS
[debug] [2019-07-01T14:09:08.251Z] {"socketPath":"\\\\?\\pipe\\C:\\Users\\krishna somu\\Documents\\GitHub\\MyWebsite\\functions\\16804"}
[debug] [2019-07-01T14:09:08.253Z] [functions] Runtime ready! Sending request! {"socketPath":"\\\\?\\pipe\\C:\\Users\\krishna somu\\Documents\\GitHub\\MyWebsite\\functions\\16804"}
[debug] [2019-07-01T14:09:08.260Z] Ephemeral server used!
[debug] [2019-07-01T14:09:08.270Z] Ephemeral server survived.
[info] i  functions: Finished "myapp" in ~1s
[debug] [2019-07-01T14:09:30.599Z] File C:\Users\krishna somu\Documents\GitHub\MyWebsite\functions\index.js changed, reloading triggers
[debug] [2019-07-01T14:09:32.466Z] Functions runtime initialized.
[debug] [2019-07-01T14:09:32.466Z] Disabled runtime features: {"functions_config_helper":true,"network_filtering":true,"timeout":true,"memory_limiting":true,"protect_env":true,"admin_stubs":true}
[info] [hosting] Rewriting /test to http://localhost:5001/somu-website/us-central1/myapp for local Function myapp
[debug] [2019-07-01T14:09:33.390Z] Accepted request GET /somu-website/us-central1/myapp/test --> myapp
[debug] [2019-07-01T14:09:34.442Z] Functions runtime initialized.
[info] i  functions: Beginning execution of "myapp"
[debug] [2019-07-01T14:09:34.444Z] Disabled runtime features: {"functions_config_helper":true,"network_filtering":true,"timeout":true,"memory_limiting":true,"protect_env":true,"admin_stubs":true}
[debug] [2019-07-01T14:09:35.127Z] firebase-admin has been stubbed.
[info] i  Your code has been provided a "firebase-admin" instance.
[debug] [2019-07-01T14:09:36.903Z] firebase-admin has been stubbed.
[info] i  Your code has been provided a "firebase-admin" instance.
[debug] [2019-07-01T14:09:37.191Z] Trigger "myapp" has been found, beginning invocation!
[debug] [2019-07-01T14:09:37.191Z] 
[debug] [2019-07-01T14:09:37.191Z] Running myapp in mode HTTPS
[debug] [2019-07-01T14:09:37.200Z] {"socketPath":"\\\\?\\pipe\\C:\\Users\\krishna somu\\Documents\\GitHub\\MyWebsite\\functions\\11568"}
[debug] [2019-07-01T14:09:37.200Z] [functions] Runtime ready! Sending request! {"socketPath":"\\\\?\\pipe\\C:\\Users\\krishna somu\\Documents\\GitHub\\MyWebsite\\functions\\11568"}
[debug] [2019-07-01T14:09:37.208Z] Ephemeral server used!
[debug] [2019-07-01T14:09:37.218Z] Ephemeral server survived.
[info] i  functions: Finished "myapp" in ~1s
[debug] [2019-07-01T14:11:23.968Z] File C:\Users\krishna somu\Documents\GitHub\MyWebsite\functions\index.js changed, reloading triggers
[debug] [2019-07-01T14:11:26.161Z] Functions runtime initialized.
[debug] [2019-07-01T14:11:26.164Z] Disabled runtime features: {"functions_config_helper":true,"network_filtering":true,"timeout":true,"memory_limiting":true,"protect_env":true,"admin_stubs":true}
[info] [hosting] Rewriting /test to http://localhost:5001/somu-website/us-central1/myapp for local Function myapp
[debug] [2019-07-01T14:11:27.863Z] Accepted request GET /somu-website/us-central1/myapp/test --> myapp
[debug] [2019-07-01T14:11:28.622Z] firebase-admin has been stubbed.
[info] i  Your code has been provided a "firebase-admin" instance.
[debug] [2019-07-01T14:11:28.853Z] Functions runtime initialized.
[info] i  functions: Beginning execution of "myapp"
[debug] [2019-07-01T14:11:28.855Z] Disabled runtime features: {"functions_config_helper":true,"network_filtering":true,"timeout":true,"memory_limiting":true,"protect_env":true,"admin_stubs":true}
[debug] [2019-07-01T14:11:31.159Z] firebase-admin has been stubbed.
[info] i  Your code has been provided a "firebase-admin" instance.
[debug] [2019-07-01T14:11:31.443Z] Trigger "myapp" has been found, beginning invocation!
[debug] [2019-07-01T14:11:31.443Z] 
[debug] [2019-07-01T14:11:31.443Z] Running myapp in mode HTTPS
[debug] [2019-07-01T14:11:31.451Z] {"socketPath":"\\\\?\\pipe\\C:\\Users\\krishna somu\\Documents\\GitHub\\MyWebsite\\functions\\9360"}
[debug] [2019-07-01T14:11:31.452Z] [functions] Runtime ready! Sending request! {"socketPath":"\\\\?\\pipe\\C:\\Users\\krishna somu\\Documents\\GitHub\\MyWebsite\\functions\\9360"}
[debug] [2019-07-01T14:11:31.461Z] Ephemeral server used!
[debug] [2019-07-01T14:11:31.470Z] Ephemeral server survived.
[info] i  functions: Finished "myapp" in ~1s
