[debug] [2019-06-20T18:33:34.558Z] ----------------------------------------------------------------------
[debug] [2019-06-20T18:33:34.562Z] Command:       C:\Program Files\nodejs\node.exe C:\Users\ADMIN\AppData\Roaming\npm\node_modules\firebase-tools\lib\bin\firebase.js serve --only hosting
[debug] [2019-06-20T18:33:34.562Z] CLI Version:   7.0.1
[debug] [2019-06-20T18:33:34.562Z] Platform:      win32
[debug] [2019-06-20T18:33:34.562Z] Node Version:  v9.9.0
[debug] [2019-06-20T18:33:34.563Z] Time:          Fri Jun 21 2019 00:03:34 GMT+0530 (India Standard Time)
[debug] [2019-06-20T18:33:34.563Z] ----------------------------------------------------------------------
[debug] 
[debug] [2019-06-20T18:33:34.583Z] > command requires scopes: ["email","openid","https://www.googleapis.com/auth/cloudplatformprojects.readonly","https://www.googleapis.com/auth/firebase","https://www.googleapis.com/auth/cloud-platform"]
[debug] [2019-06-20T18:33:34.585Z] > authorizing via signed-in user
[debug] [2019-06-20T18:33:34.585Z] [iam] checking project somu-website for permissions ["firebase.projects.get"]
[debug] [2019-06-20T18:33:34.588Z] > refreshing access token with scopes: ["email","https://www.googleapis.com/auth/cloud-platform","https://www.googleapis.com/auth/cloudplatformprojects.readonly","https://www.googleapis.com/auth/firebase","openid"]
[debug] [2019-06-20T18:33:34.589Z] >>> HTTP REQUEST POST https://www.googleapis.com/oauth2/v3/token  
 <request body omitted>
[debug] [2019-06-20T18:33:35.039Z] <<< HTTP RESPONSE 200
[debug] [2019-06-20T18:33:35.059Z] >>> HTTP REQUEST POST https://cloudresourcemanager.googleapis.com/v1/projects/somu-website:testIamPermissions  

[debug] [2019-06-20T18:33:36.592Z] <<< HTTP RESPONSE 200
[debug] [2019-06-20T18:33:36.597Z] >>> HTTP REQUEST GET https://cloudresourcemanager.googleapis.com/v1/projects/somu-website  
 
[debug] [2019-06-20T18:33:38.128Z] <<< HTTP RESPONSE 200
[debug] [2019-06-20T18:33:38.131Z] >>> HTTP REQUEST GET https://mobilesdk-pa.googleapis.com/v1/projects/176778291160/clients/_:getWebAppConfig  
 
[debug] [2019-06-20T18:33:38.845Z] <<< HTTP RESPONSE 200
[info] i  hosting: Serving hosting files from: public
[info] +  hosting: Local server: http://localhost:5000
